<?xml version="1.0" encoding="UTF-8"?>
<testsuite xmlns:xsi="http://www.w3.org/2001/XMLSchema-instance" xsi:noNamespaceSchemaLocation="https://maven.apache.org/surefire/maven-surefire-plugin/xsd/surefire-test-report.xsd" version="3.0.2" name="br.com.cotapreco.FluxoCotaPrecoIntegrationTest" time="13.538" tests="4" errors="0" skipped="0" failures="0">
  <properties>
[...]
</properties>
  <testcase name="importacaoRejeitaLinhasInvalidasSemSalvarSilenciosamente" classname="br.com.cotapreco.FluxoCotaPrecoIntegrationTest" time="10.895">
    <system-out><![CDATA[01:13:39.534 [main] INFO org.springframework.test.context.support.AnnotationConfigContextLoaderUtils -- Could not detect default configuration classes for test class [br.com.cotapreco.FluxoCotaPrecoIntegrationTest]: FluxoCotaPrecoIntegrationTest does not declare any static, non-private, non-final, nested classes annotated with @Configuration.
01:13:39.586 [main] INFO org.springframework.boot.test.context.SpringBootTestContextBootstrapper -- Found @SpringBootConfiguration br.com.cotapreco.CotaPrecoApplication for test class br.com.cotapreco.FluxoCotaPrecoIntegrationTest

  .   ____          _            __ _ _
 /\\ / ___'_ __ _ _(_)_ __  __ _ \ \ \ \
( ( )\___ | '_ | '_| | '_ \/ _` | \ \ \ \
 \\/  ___)| |_)| | | | | || (_| |  ) ) ) )
  '  |____| .__|_| |_|_| |_\__, | / / / /
 =========|_|==============|___/=/_/_/_/

 :: Spring Boot ::                (v3.5.4)

2026-08-06T01:13:39.743-03:00  INFO 47997 --- [           main] b.c.c.FluxoCotaPrecoIntegrationTest      : Starting FluxoCotaPrecoIntegrationTest using Java 23.0.2 with PID 47997 (started by wesleyvicente in /Users/wesleyvicente/Documents/CotaPreco/backend)
2026-08-06T01:13:39.744-03:00  INFO 47997 --- [           main] b.c.c.FluxoCotaPrecoIntegrationTest      : No active profile set, falling back to 1 default profile: "default"
2026-08-06T01:13:40.012-03:00  INFO 47997 --- [           main] .s.d.r.c.RepositoryConfigurationDelegate : Bootstrapping Spring Data JPA repositories in DEFAULT mode.
2026-08-06T01:13:40.037-03:00  INFO 47997 --- [           main] .s.d.r.c.RepositoryConfigurationDelegate : Finished Spring Data repository scanning in 20 ms. Found 5 JPA repository interfaces.
2026-08-06T01:13:40.266-03:00  INFO 47997 --- [           main] com.zaxxer.hikari.HikariDataSource       : HikariPool-1 - Starting...
2026-08-06T01:13:40.331-03:00  INFO 47997 --- [           main] com.zaxxer.hikari.pool.HikariPool        : HikariPool-1 - Added connection conn0: url=jdbc:h2:mem:cotapreco user=SA
2026-08-06T01:13:40.331-03:00  INFO 47997 --- [           main] com.zaxxer.hikari.HikariDataSource       : HikariPool-1 - Start completed.
2026-08-06T01:13:40.348-03:00  INFO 47997 --- [           main] org.flywaydb.core.FlywayExecutor         : Database: jdbc:h2:mem:cotapreco (H2 2.3)
2026-08-06T01:13:40.360-03:00  INFO 47997 --- [           main] o.f.c.i.s.JdbcTableSchemaHistory         : Schema history table "public"."flyway_schema_history" does not exist yet
2026-08-06T01:13:40.361-03:00  INFO 47997 --- [           main] o.f.core.internal.command.DbValidate     : Successfully validated 1 migration (execution time 00:00.005s)
2026-08-06T01:13:40.364-03:00  INFO 47997 --- [           main] o.f.c.i.s.JdbcTableSchemaHistory         : Creating Schema History table "public"."flyway_schema_history" ...
2026-08-06T01:13:40.378-03:00  INFO 47997 --- [           main] o.f.core.internal.command.DbMigrate      : Current version of schema "public": << Empty Schema >>
2026-08-06T01:13:40.382-03:00  INFO 47997 --- [           main] o.f.core.internal.command.DbMigrate      : Migrating schema "public" to version "1 - esquema inicial"
2026-08-06T01:13:40.392-03:00  INFO 47997 --- [           main] o.f.core.internal.command.DbMigrate      : Successfully applied 1 migration to schema "public", now at version v1 (execution time 00:00.007s)
2026-08-06T01:13:40.428-03:00  INFO 47997 --- [           main] o.hibernate.jpa.internal.util.LogHelper  : HHH000204: Processing PersistenceUnitInfo [name: default]
2026-08-06T01:13:40.452-03:00  INFO 47997 --- [           main] org.hibernate.Version                    : HHH000412: Hibernate ORM core version 6.6.22.Final
2026-08-06T01:13:40.468-03:00  INFO 47997 --- [           main] o.h.c.internal.RegionFactoryInitiator    : HHH000026: Second-level cache disabled
2026-08-06T01:13:40.565-03:00  INFO 47997 --- [           main] o.s.o.j.p.SpringPersistenceUnitInfo      : No LoadTimeWeaver setup: ignoring JPA class transformer
2026-08-06T01:13:40.591-03:00  INFO 47997 --- [           main] org.hibernate.orm.connections.pooling    : HHH10001005: Database info:
	Database JDBC URL [Connecting through datasource 'HikariDataSource (HikariPool-1)']
	Database driver: undefined/unknown
	Database version: 2.3.232
	Autocommit mode: undefined/unknown
	Isolation level: undefined/unknown
	Minimum pool size: undefined/unknown
	Maximum pool size: undefined/unknown
2026-08-06T01:13:40.970-03:00  INFO 47997 --- [           main] o.h.e.t.j.p.i.JtaPlatformInitiator       : HHH000489: No JTA platform available (set 'hibernate.transaction.jta.platform' to enable JTA platform integration)
2026-08-06T01:13:40.978-03:00  INFO 47997 --- [           main] j.LocalContainerEntityManagerFactoryBean : Initialized JPA EntityManagerFactory for persistence unit 'default'
2026-08-06T01:13:41.418-03:00  INFO 47997 --- [           main] o.s.b.t.m.w.SpringBootMockServletContext : Initializing Spring TestDispatcherServlet ''
2026-08-06T01:13:41.419-03:00  INFO 47997 --- [           main] o.s.t.web.servlet.TestDispatcherServlet  : Initializing Servlet ''
2026-08-06T01:13:41.419-03:00  INFO 47997 --- [           main] o.s.t.web.servlet.TestDispatcherServlet  : Completed initialization in 0 ms
2026-08-06T01:13:41.428-03:00  INFO 47997 --- [           main] b.c.c.FluxoCotaPrecoIntegrationTest      : Started FluxoCotaPrecoIntegrationTest in 1.791 seconds (process running for 2.167)
]]></system-out>
    <system-err><![CDATA[Mockito is currently self-attaching to enable the inline-mock-maker. This will no longer work in future releases of the JDK. Please add Mockito as an agent to your build as described in Mockito's documentation: https://javadoc.io/doc/org.mockito/mockito-core/latest/org.mockito/org/mockito/Mockito.html#0.3
]]></system-err>
  </testcase>
  <testcase name="fluxoCompletoDaCotacaoComImportacaoRespostasEComparacao" classname="br.com.cotapreco.FluxoCotaPrecoIntegrationTest" time="0.219"/>
  <testcase name="cotacaoExpiradaNaoAceitaNovaResposta" classname="br.com.cotapreco.FluxoCotaPrecoIntegrationTest" time="0.078"/>
  <testcase name="usuarioNaoAcessaCotacaoDeOutraEmpresa" classname="br.com.cotapreco.FluxoCotaPrecoIntegrationTest" time="0.185"/>
</testsuite>